11/05/2022 14:15:35.954: ************************************************************
11/05/2022 14:15:35.955:                        COMPONENTCOMMONINMUEBLES
11/05/2022 14:15:35.955: ************************************************************
11/05/2022 14:15:35.956: Ambiente: parte para TINA
11/05/2022 14:15:36.589:  Generar Proforma: ...
11/05/2022 14:28:14.000: ************************************************************
11/05/2022 14:28:14.001:                        COMPONENTCOMMONINMUEBLES
11/05/2022 14:28:14.001: ************************************************************
11/05/2022 14:28:14.002: Ambiente: parte para TINA
11/05/2022 14:28:14.606:  Generar Login: ...
11/05/2022 14:28:14.608: TIEMPO EJECUCI?N TOTAL: 0 seg. 621 mseg.
11/05/2022 14:47:22.881: ************************************************************
11/05/2022 14:47:22.881:                        COMPONENTCOMMONINMUEBLES
11/05/2022 14:47:22.882: ************************************************************
11/05/2022 14:47:22.882: Ambiente: parte para TINA
11/05/2022 14:47:23.404:  Generar Login: ...
11/05/2022 14:47:23.405: TIEMPO EJECUCI?N TOTAL: 0 seg. 535 mseg.
11/05/2022 14:50:30.661: ************************************************************
11/05/2022 14:50:30.662:                        COMPONENTCOMMONINMUEBLES
11/05/2022 14:50:30.663: ************************************************************
11/05/2022 14:50:30.664: Ambiente: parte para TINA
11/05/2022 14:50:32.452:  Generar Login: ...OK
11/05/2022 14:50:32.453: TIEMPO EJECUCI?N TOTAL: 1 seg. 815 mseg.
12/05/2022 09:05:01.184: ************************************************************
12/05/2022 09:05:01.185:                        COMPONENTCOMMONINMUEBLES
12/05/2022 09:05:01.185: ************************************************************
12/05/2022 09:05:01.186: Ambiente: parte para TINA
12/05/2022 09:05:01.953:  Generar Login: ...OK
12/05/2022 09:05:01.954: TIEMPO EJECUCI?N TOTAL: 0 seg. 773 mseg.
12/05/2022 09:05:01.956:  prueba del registro del assert: ...OK
12/05/2022 09:13:14.633: ************************************************************
12/05/2022 09:13:14.634:                        COMPONENTCOMMONINMUEBLES
12/05/2022 09:13:14.634: ************************************************************
12/05/2022 09:13:14.634: Ambiente: parte para TINA
12/05/2022 09:13:15.269:  Generar Login: ...OK
12/05/2022 09:13:15.269: TIEMPO EJECUCI?N TOTAL: 0 seg. 638 mseg.
12/05/2022 09:13:15.271:  prueba del registro del assert: ...OK
12/05/2022 09:20:49.003: ************************************************************
12/05/2022 09:20:49.004:                        COMPONENTCOMMONINMUEBLES
12/05/2022 09:20:49.004: ************************************************************
12/05/2022 09:20:49.006: Ambiente: parte para TINA
12/05/2022 09:20:49.632:  Generar Login: ...OK
12/05/2022 09:20:49.632: TIEMPO EJECUCI?N TOTAL: 0 seg. 631 mseg.
12/05/2022 09:20:49.633:  prueba del registro del assert: ...OK
12/05/2022 14:24:33.816: Generar Login... OK
12/05/2022 14:24:33.817: TIEMPO EJECUCION TOTAL: 0 seg. 660 mseg.
12/05/2022 14:24:33.817:  prueba del registro del assert: ...OK
12/05/2022 14:54:13.431: Generar Login... OK
12/05/2022 14:54:13.432: TIEMPO EJECUCION TOTAL: 0 seg. 620 mseg.
12/05/2022 14:54:13.434:  prueba del registro del assert: ...OK
12/05/2022 14:55:11.745: ************************************************************
12/05/2022 14:55:11.746:                        dato
12/05/2022 14:55:11.747: ************************************************************
12/05/2022 14:55:11.747: 12/05/2022 14:55:11.747
12/05/2022 14:55:11.748: Ambiente: parte para TINA
12/05/2022 14:55:12.392: Generar Login... OK
12/05/2022 14:55:12.392: TIEMPO EJECUCION TOTAL: 0 seg. 644 mseg.
12/05/2022 14:55:12.394:  prueba del registro del assert: ...OK
12/05/2022 14:56:20.471: ************************************************************
12/05/2022 14:56:20.472:                        IMPLANTACION
12/05/2022 14:56:20.473: ************************************************************
12/05/2022 14:56:20.473: 12/05/2022 14:56:20.473
12/05/2022 14:56:20.473: Ambiente: parte para TINA
12/05/2022 14:56:21.090: Generar Login... OK
12/05/2022 14:56:21.091: TIEMPO EJECUCION TOTAL: 0 seg. 617 mseg.
12/05/2022 14:56:21.093:  prueba del registro del assert: ...OK
12/05/2022 15:00:15.669: ************************************************************
12/05/2022 15:00:15.670:                        IMPLANTACION
12/05/2022 15:00:15.670: ************************************************************
12/05/2022 15:00:15.671: FECHA INICIO: 12/05/2022 15:00:15.670
12/05/2022 15:00:15.671: Ambiente: parte para TINA
12/05/2022 15:00:16.558: Generar Login... OK
12/05/2022 15:00:16.558: TIEMPO EJECUCION TOTAL: 0 seg. 887 mseg.
12/05/2022 15:00:16.561:  prueba del registro del assert: ...OK
12/05/2022 15:07:08.361: ************************************************************
12/05/2022 15:07:08.362:                        IMPLANTACION
12/05/2022 15:07:08.363: ************************************************************
12/05/2022 15:07:08.363: FECHA INICIO: 12/05/2022 15:07:08.363
12/05/2022 15:07:08.365: Ambiente: parte para TINA
12/05/2022 15:07:09.347: Generar Login... OK
12/05/2022 15:07:09.348: TIEMPO EJECUCION TOTAL: 0 seg. 982 mseg.
12/05/2022 15:07:09.350:  prueba del registro del assert: ...OK
